<?xml version="1.0" encoding="UTF-8"?>
<!-- Generated by org.testng.reporters.JUnitReportReporter -->
<testsuite hostname="LAPTOP-SSPS6C0G" failures="0" tests="1" name="module1_loginetest.swaglablogintest" time="6.828" errors="0" timestamp="2023-11-23T18:29:19 IST" skipped="0">
  <testcase classname="module1_loginetest.swaglablogintest" name="verifiedtital" time="6.828"/>
</testsuite> <!-- module1_loginetest.swaglablogintest -->
